Using pre-set license
Built from '2020.3/staging' branch; Version is '2020.3.6f1 (338bb68529b2) revision 3378102'; Using compiler version '192528614'; Build Type 'Release'
OS: 'Windows 10 Pro; OS build 19042.928; Version 2009; 64bit' Language: 'en' Physical Memory: 16299 MB
BatchMode: 1, IsHumanControllingUs: 0, StartBugReporterOnCrash: 0, Is64bit: 1, IsPro: 0

 COMMAND LINE ARGUMENTS:
C:\Program Files\Unity\Hub\Editor\2020.3.6f1\Editor\Unity.exe
-adb2
-batchMode
-noUpm
-name
AssetImportWorker0
-projectPath
C:/Users/Tom/Documents/GitHub/project-fall/Project Fall (Git)
-logFile
Logs/AssetImportWorker0.log
-srvPort
56893
Successfully changed project path to: C:/Users/Tom/Documents/GitHub/project-fall/Project Fall (Git)
C:/Users/Tom/Documents/GitHub/project-fall/Project Fall (Git)
Using Asset Import Pipeline V2.
Refreshing native plugins compatible for Editor in 23.77 ms, found 1 plugins.
Preloading 0 native plugins for Editor in 0.00 ms.
Initialize engine version: 2020.3.6f1 (338bb68529b2)
[Subsystems] Discovering subsystems at path C:/Program Files/Unity/Hub/Editor/2020.3.6f1/Editor/Data/Resources/UnitySubsystems
[Subsystems] Discovering subsystems at path C:/Users/Tom/Documents/GitHub/project-fall/Project Fall (Git)/Assets
GfxDevice: creating device client; threaded=0
Direct3D:
    Version:  Direct3D 11.0 [level 11.1]
    Renderer: Radeon RX550/550 Series (ID=0x699f)
    Vendor:   
    VRAM:     4076 MB
    Driver:   27.20.15003.1004
Initialize mono
Mono path[0] = 'C:/Program Files/Unity/Hub/Editor/2020.3.6f1/Editor/Data/Managed'
Mono path[1] = 'C:/Program Files/Unity/Hub/Editor/2020.3.6f1/Editor/Data/MonoBleedingEdge/lib/mono/unityjit'
Mono config path = 'C:/Program Files/Unity/Hub/Editor/2020.3.6f1/Editor/Data/MonoBleedingEdge/etc'
Using monoOptions --debugger-agent=transport=dt_socket,embedding=1,server=y,suspend=n,address=127.0.0.1:56884
Begin MonoManager ReloadAssembly
Registering precompiled unity dll's ...
Register platform support module: C:/Program Files/Unity/Hub/Editor/2020.3.6f1/Editor/Data/PlaybackEngines/WindowsStandaloneSupport/UnityEditor.WindowsStandalone.Extensions.dll
Registered in 0.001183 seconds.
Native extension for WindowsStandalone target not found
Refreshing native plugins compatible for Editor in 23.46 ms, found 1 plugins.
Preloading 0 native plugins for Editor in 0.00 ms.
Mono: successfully reloaded assembly
- Completed reload, in  0.666 seconds
Platform modules already initialized, skipping
Registering precompiled user dll's ...
Registered in 0.000589 seconds.
Begin MonoManager ReloadAssembly
Native extension for WindowsStandalone target not found
Refreshing native plugins compatible for Editor in 23.25 ms, found 1 plugins.
Preloading 0 native plugins for Editor in 0.00 ms.
Mono: successfully reloaded assembly
- Completed reload, in  0.556 seconds
Platform modules already initialized, skipping
========================================================================
Worker process is ready to serve import requests
Launched and connected shader compiler UnityShaderCompiler.exe after 0.03 seconds
Refreshing native plugins compatible for Editor in 0.29 ms, found 1 plugins.
Preloading 0 native plugins for Editor in 0.00 ms.
Unloading 1813 Unused Serialized files (Serialized files now loaded: 0)
System memory in use before: 84.9 MB.
System memory in use after: 84.9 MB.

Unloading 19 unused Assets to reduce memory usage. Loaded Objects now: 2260.
Total: 1.447500 ms (FindLiveObjects: 0.135100 ms CreateObjectMapping: 0.056100 ms MarkObjects: 1.219100 ms  DeleteObjects: 0.036700 ms)

========================================================================
Received Import Request.
  path: Assets/Physics Materials
  artifactKey: Guid(d69bd11f7aa7f1f478c06cc8aab3d03f) Importer(815301076,1909f56bfc062723c751e8b465ee728b)
Start importing Assets/Physics Materials using Guid(d69bd11f7aa7f1f478c06cc8aab3d03f) Importer(815301076,1909f56bfc062723c751e8b465ee728b)  -> (artifact id: '73b2c158f2b8988471334b7f0da17820') in 0.007185 seconds
  Import took 0.009351 seconds .

========================================================================
Received Import Request.
  Time since last request: 2.247624 seconds.
  path: Assets/Prefabs/Platform.prefab
  artifactKey: Guid(7a8cb609ffa773c448c1821ba02c2a13) Importer(815301076,1909f56bfc062723c751e8b465ee728b)
Start importing Assets/Prefabs/Platform.prefab using Guid(7a8cb609ffa773c448c1821ba02c2a13) Importer(815301076,1909f56bfc062723c751e8b465ee728b)  -> (artifact id: '777c1d3e206fd191c1c1f60561bf1ef1') in 0.173340 seconds
  Import took 0.175676 seconds .

========================================================================
Received Import Request.
  Time since last request: 0.000123 seconds.
  path: Assets/Prefabs/Player.prefab
  artifactKey: Guid(870bdc92fcb03f546b5cdafddedc6bc7) Importer(815301076,1909f56bfc062723c751e8b465ee728b)
Start importing Assets/Prefabs/Player.prefab using Guid(870bdc92fcb03f546b5cdafddedc6bc7) Importer(815301076,1909f56bfc062723c751e8b465ee728b)  -> (artifact id: 'f3175dd29cc9bbcc67d3657911b3ad55') in 0.010133 seconds
  Import took 0.012203 seconds .

========================================================================
Received Prepare
Refreshing native plugins compatible for Editor in 1.14 ms, found 1 plugins.
Preloading 0 native plugins for Editor in 0.00 ms.
Unloading 5 Unused Serialized files (Serialized files now loaded: 0)
System memory in use before: 51.9 MB.
System memory in use after: 52.0 MB.

Unloading 5 unused Assets to reduce memory usage. Loaded Objects now: 2267.
Total: 1.636800 ms (FindLiveObjects: 0.147300 ms CreateObjectMapping: 0.040300 ms MarkObjects: 1.441000 ms  DeleteObjects: 0.007500 ms)

========================================================================
Received Prepare
Registering precompiled user dll's ...
Registered in 0.000605 seconds.
Begin MonoManager ReloadAssembly
Native extension for WindowsStandalone target not found
Refreshing native plugins compatible for Editor in 0.29 ms, found 1 plugins.
Preloading 0 native plugins for Editor in 0.00 ms.
Mono: successfully reloaded assembly
- Completed reload, in  0.504 seconds
Platform modules already initialized, skipping
Refreshing native plugins compatible for Editor in 0.15 ms, found 1 plugins.
Preloading 0 native plugins for Editor in 0.00 ms.
Unloading 1803 Unused Serialized files (Serialized files now loaded: 0)
System memory in use before: 87.4 MB.
System memory in use after: 87.5 MB.

Unloading 7 unused Assets to reduce memory usage. Loaded Objects now: 2271.
Total: 1.331800 ms (FindLiveObjects: 0.103000 ms CreateObjectMapping: 0.049500 ms MarkObjects: 1.169400 ms  DeleteObjects: 0.009200 ms)

AssetImportWorkerClient::OnTransportError - code=2 error=End of file
